Using pre-set license
Built from '2020.3/release' branch; Version is '2020.3.2f1 (8fd9074bf66c) revision 9427207'; Using compiler version '192528614'; Build Type 'Release'
OS: 'Windows 10 Pro; OS build 19041.1052; Version 2004; 64bit' Language: 'it' Physical Memory: 8070 MB
BatchMode: 1, IsHumanControllingUs: 0, StartBugReporterOnCrash: 0, Is64bit: 1, IsPro: 0

 COMMAND LINE ARGUMENTS:
D:\Program Files (x86)\2020.3.2f1\Editor\Unity.exe
-adb2
-batchMode
-noUpm
-name
AssetImportWorker0
-projectPath
D:/game2
-logFile
Logs/AssetImportWorker0.log
-srvPort
50473
Successfully changed project path to: D:/game2
D:/game2
Using Asset Import Pipeline V2.
Refreshing native plugins compatible for Editor in 26.72 ms, found 0 plugins.
Preloading 0 native plugins for Editor in 0.00 ms.
Initialize engine version: 2020.3.2f1 (8fd9074bf66c)
[Subsystems] Discovering subsystems at path D:/Program Files (x86)/2020.3.2f1/Editor/Data/Resources/UnitySubsystems
[Subsystems] Discovering subsystems at path D:/game2/Assets
GfxDevice: creating device client; threaded=0
Direct3D:
    Version:  Direct3D 11.0 [level 11.0]
    Renderer: NVIDIA GeForce MX130 (ID=0x174d)
    Vendor:   
    VRAM:     2010 MB
    Driver:   27.21.14.5167
Initialize mono
Mono path[0] = 'D:/Program Files (x86)/2020.3.2f1/Editor/Data/Managed'
Mono path[1] = 'D:/Program Files (x86)/2020.3.2f1/Editor/Data/MonoBleedingEdge/lib/mono/unityjit'
Mono config path = 'D:/Program Files (x86)/2020.3.2f1/Editor/Data/MonoBleedingEdge/etc'
Using monoOptions --debugger-agent=transport=dt_socket,embedding=1,server=y,suspend=n,address=127.0.0.1:56912
Begin MonoManager ReloadAssembly
Registering precompiled unity dll's ...
Register platform support module: D:/Program Files (x86)/2020.3.2f1/Editor/Data/PlaybackEngines/WindowsStandaloneSupport/UnityEditor.WindowsStandalone.Extensions.dll
Registered in 0.001108 seconds.
Native extension for WindowsStandalone target not found
Refreshing native plugins compatible for Editor in 26.29 ms, found 0 plugins.
Preloading 0 native plugins for Editor in 0.00 ms.
Invoked RoslynAnalysisRunner static constructor.
RoslynAnalysisRunner will not be running.
RoslynAnalysisRunner has terminated.
Mono: successfully reloaded assembly
- Completed reload, in  2.235 seconds
Platform modules already initialized, skipping
Registering precompiled user dll's ...
Registered in 0.000615 seconds.
Begin MonoManager ReloadAssembly
Native extension for WindowsStandalone target not found
Refreshing native plugins compatible for Editor in 0.23 ms, found 0 plugins.
Preloading 0 native plugins for Editor in 0.00 ms.
Invoked RoslynAnalysisRunner static constructor.
RoslynAnalysisRunner will not be running.
RoslynAnalysisRunner has terminated.
Mono: successfully reloaded assembly
- Completed reload, in  0.945 seconds
Platform modules already initialized, skipping
========================================================================
Worker process is ready to serve import requests
Launched and connected shader compiler UnityShaderCompiler.exe after 0.05 seconds
Refreshing native plugins compatible for Editor in 0.22 ms, found 0 plugins.
Preloading 0 native plugins for Editor in 0.00 ms.
Unloading 1134 Unused Serialized files (Serialized files now loaded: 0)
System memory in use before: 64.1 MB.
System memory in use after: 64.2 MB.

Unloading 10 unused Assets to reduce memory usage. Loaded Objects now: 1592.
Total: 4.141900 ms (FindLiveObjects: 0.442800 ms CreateObjectMapping: 0.081600 ms MarkObjects: 3.348900 ms  DeleteObjects: 0.265000 ms)

========================================================================
Received Import Request.
  path: Assets/script/logo_video.cs
  artifactKey: Guid(ad4e80c1af3b77a46b414f6577e17d59) Importer(815301076,1909f56bfc062723c751e8b465ee728b)
Start importing Assets/script/logo_video.cs using Guid(ad4e80c1af3b77a46b414f6577e17d59) Importer(815301076,1909f56bfc062723c751e8b465ee728b)  -> (artifact id: '84087ec5286a1f598fc6f91b9b1989b7') in 0.054559 seconds
  Import took 0.056962 seconds .

========================================================================
Received Prepare
Registering precompiled user dll's ...
Registered in 0.000516 seconds.
Begin MonoManager ReloadAssembly
Native extension for WindowsStandalone target not found
Refreshing native plugins compatible for Editor in 0.22 ms, found 0 plugins.
Preloading 0 native plugins for Editor in 0.00 ms.
Invoked RoslynAnalysisRunner static constructor.
RoslynAnalysisRunner will not be running.
RoslynAnalysisRunner has terminated.
Mono: successfully reloaded assembly
- Completed reload, in  0.871 seconds
Platform modules already initialized, skipping
Switching build target platform(5) subTarget(0) extendedPlatform(0) -> platform(13) subTarget(537395200) extendedPlatform(0)
Refreshing native plugins compatible for Editor in 0.24 ms, found 0 plugins.
Preloading 0 native plugins for Editor in 0.00 ms.
Unloading 1132 Unused Serialized files (Serialized files now loaded: 0)
System memory in use before: 63.9 MB.
System memory in use after: 64.0 MB.

Unloading 5 unused Assets to reduce memory usage. Loaded Objects now: 1595.
Total: 3.280800 ms (FindLiveObjects: 0.346200 ms CreateObjectMapping: 0.111000 ms MarkObjects: 2.702300 ms  DeleteObjects: 0.117600 ms)

AssetImportParameters requested are different than current active one (requested -> active):
  custom:graphics/normal-map-encoding: 01000000000000000000000000000000 -> 02000000000000000000000000000000
========================================================================
Received Import Request.
  Time since last request: 160.860967 seconds.
  path: Assets/Scenes/video_logo.unity
  artifactKey: Guid(d537b2a257e61fc4aa2ffa56d5428297) Importer(815301076,1909f56bfc062723c751e8b465ee728b)
Start importing Assets/Scenes/video_logo.unity using Guid(d537b2a257e61fc4aa2ffa56d5428297) Importer(815301076,1909f56bfc062723c751e8b465ee728b)  -> (artifact id: '4dd696886bdebb2ace7a6d8ae8a827e5') in 0.024402 seconds
  Import took 0.027225 seconds .

========================================================================
Received Import Request.
  Time since last request: 45.555661 seconds.
  path: Assets/video/logo_video.mp4
  artifactKey: Guid(1ddd5af019d03644cb7e84c9f8f8706a) Importer(815301076,1909f56bfc062723c751e8b465ee728b)
Start importing Assets/video/logo_video.mp4 using Guid(1ddd5af019d03644cb7e84c9f8f8706a) Importer(815301076,1909f56bfc062723c751e8b465ee728b)  -> (artifact id: 'b03969995d27994624af4c4de6fceaf5') in 0.351334 seconds
  Import took 0.354555 seconds .

========================================================================
Received Prepare
Registering precompiled user dll's ...
Registered in 0.000567 seconds.
Begin MonoManager ReloadAssembly
Native extension for WindowsStandalone target not found
Refreshing native plugins compatible for Editor in 0.27 ms, found 0 plugins.
Preloading 0 native plugins for Editor in 0.00 ms.
Invoked RoslynAnalysisRunner static constructor.
RoslynAnalysisRunner will not be running.
RoslynAnalysisRunner has terminated.
Mono: successfully reloaded assembly
- Completed reload, in  1.112 seconds
Platform modules already initialized, skipping
Switching build target platform(5) subTarget(0) extendedPlatform(0) -> platform(13) subTarget(537395200) extendedPlatform(0)
Refreshing native plugins compatible for Editor in 0.29 ms, found 0 plugins.
Preloading 0 native plugins for Editor in 0.00 ms.
Unloading 1132 Unused Serialized files (Serialized files now loaded: 0)
System memory in use before: 64.0 MB.
System memory in use after: 64.1 MB.

Unloading 5 unused Assets to reduce memory usage. Loaded Objects now: 1598.
Total: 2.427900 ms (FindLiveObjects: 0.364700 ms CreateObjectMapping: 0.100100 ms MarkObjects: 1.891800 ms  DeleteObjects: 0.069600 ms)

AssetImportParameters requested are different than current active one (requested -> active):
  custom:graphics/normal-map-encoding: 01000000000000000000000000000000 -> 02000000000000000000000000000000
========================================================================
Received Import Request.
  Time since last request: 185.249954 seconds.
  path: Assets/Scenes/video_logo.unity
  artifactKey: Guid(d537b2a257e61fc4aa2ffa56d5428297) Importer(815301076,1909f56bfc062723c751e8b465ee728b)
Start importing Assets/Scenes/video_logo.unity using Guid(d537b2a257e61fc4aa2ffa56d5428297) Importer(815301076,1909f56bfc062723c751e8b465ee728b)  -> (artifact id: '41bad56d20fc31b2c5a628d0fd9263ce') in 0.012878 seconds
  Import took 0.015521 seconds .

========================================================================
Received Prepare
Registering precompiled user dll's ...
Registered in 0.000535 seconds.
Begin MonoManager ReloadAssembly
Native extension for WindowsStandalone target not found
Refreshing native plugins compatible for Editor in 0.22 ms, found 0 plugins.
Preloading 0 native plugins for Editor in 0.00 ms.
Invoked RoslynAnalysisRunner static constructor.
RoslynAnalysisRunner will not be running.
RoslynAnalysisRunner has terminated.
Mono: successfully reloaded assembly
- Completed reload, in  0.860 seconds
Platform modules already initialized, skipping
Switching build target platform(5) subTarget(0) extendedPlatform(0) -> platform(13) subTarget(537395200) extendedPlatform(0)
Refreshing native plugins compatible for Editor in 0.22 ms, found 0 plugins.
Preloading 0 native plugins for Editor in 0.00 ms.
Unloading 1132 Unused Serialized files (Serialized files now loaded: 0)
System memory in use before: 64.0 MB.
System memory in use after: 64.1 MB.

Unloading 5 unused Assets to reduce memory usage. Loaded Objects now: 1601.
Total: 2.320700 ms (FindLiveObjects: 0.171600 ms CreateObjectMapping: 0.046900 ms MarkObjects: 2.020700 ms  DeleteObjects: 0.079900 ms)

AssetImportParameters requested are different than current active one (requested -> active):
  custom:graphics/normal-map-encoding: 01000000000000000000000000000000 -> 02000000000000000000000000000000
========================================================================
Received Prepare
Registering precompiled user dll's ...
Registered in 0.000917 seconds.
Begin MonoManager ReloadAssembly
Native extension for WindowsStandalone target not found
Refreshing native plugins compatible for Editor in 0.25 ms, found 0 plugins.
Preloading 0 native plugins for Editor in 0.00 ms.
Invoked RoslynAnalysisRunner static constructor.
RoslynAnalysisRunner will not be running.
RoslynAnalysisRunner has terminated.
Mono: successfully reloaded assembly
- Completed reload, in  0.906 seconds
Platform modules already initialized, skipping
Switching build target platform(5) subTarget(0) extendedPlatform(0) -> platform(13) subTarget(537395200) extendedPlatform(0)
Refreshing native plugins compatible for Editor in 0.24 ms, found 0 plugins.
Preloading 0 native plugins for Editor in 0.00 ms.
Unloading 1132 Unused Serialized files (Serialized files now loaded: 0)
System memory in use before: 64.0 MB.
System memory in use after: 64.1 MB.

Unloading 5 unused Assets to reduce memory usage. Loaded Objects now: 1604.
Total: 2.180700 ms (FindLiveObjects: 0.199700 ms CreateObjectMapping: 0.056800 ms MarkObjects: 1.853700 ms  DeleteObjects: 0.069000 ms)

AssetImportParameters requested are different than current active one (requested -> active):
  custom:graphics/normal-map-encoding: 01000000000000000000000000000000 -> 02000000000000000000000000000000
========================================================================
Received Import Request.
  Time since last request: 93.935361 seconds.
  path: Assets/script/logo_video.cs
  artifactKey: Guid(ad4e80c1af3b77a46b414f6577e17d59) Importer(815301076,1909f56bfc062723c751e8b465ee728b)
Start importing Assets/script/logo_video.cs using Guid(ad4e80c1af3b77a46b414f6577e17d59) Importer(815301076,1909f56bfc062723c751e8b465ee728b)  -> (artifact id: '2c628e408051af67c71ea36592fda365') in 0.008393 seconds
  Import took 0.013774 seconds .

========================================================================
Received Prepare
Registering precompiled user dll's ...
Registered in 0.000550 seconds.
Begin MonoManager ReloadAssembly
Native extension for WindowsStandalone target not found
Refreshing native plugins compatible for Editor in 0.26 ms, found 0 plugins.
Preloading 0 native plugins for Editor in 0.00 ms.
Invoked RoslynAnalysisRunner static constructor.
RoslynAnalysisRunner will not be running.
RoslynAnalysisRunner has terminated.
Mono: successfully reloaded assembly
- Completed reload, in  0.862 seconds
Platform modules already initialized, skipping
Switching build target platform(5) subTarget(0) extendedPlatform(0) -> platform(13) subTarget(537395200) extendedPlatform(0)
Refreshing native plugins compatible for Editor in 0.25 ms, found 0 plugins.
Preloading 0 native plugins for Editor in 0.00 ms.
Unloading 1132 Unused Serialized files (Serialized files now loaded: 0)
System memory in use before: 64.0 MB.
System memory in use after: 64.1 MB.

Unloading 5 unused Assets to reduce memory usage. Loaded Objects now: 1607.
Total: 4.716900 ms (FindLiveObjects: 0.462000 ms CreateObjectMapping: 0.146200 ms MarkObjects: 3.920800 ms  DeleteObjects: 0.184600 ms)

AssetImportParameters requested are different than current active one (requested -> active):
  custom:graphics/normal-map-encoding: 01000000000000000000000000000000 -> 02000000000000000000000000000000
========================================================================
Received Import Request.
  Time since last request: 134.379839 seconds.
  path: Assets/Prefabs/lago 2.prefab
  artifactKey: Guid(65711128128329e44afb92b5b6aa63a8) Importer(815301076,1909f56bfc062723c751e8b465ee728b)
Start importing Assets/Prefabs/lago 2.prefab using Guid(65711128128329e44afb92b5b6aa63a8) Importer(815301076,1909f56bfc062723c751e8b465ee728b)  -> (artifact id: '8c4ca4430eab95af81af330eb7f6cd75') in 0.247550 seconds
  Import took 0.253978 seconds .

========================================================================
Received Import Request.
  Time since last request: 3.341084 seconds.
  path: Assets/Prefabs/lago 2.prefab
  artifactKey: Guid(65711128128329e44afb92b5b6aa63a8) Importer(815301076,1909f56bfc062723c751e8b465ee728b)
Start importing Assets/Prefabs/lago 2.prefab using Guid(65711128128329e44afb92b5b6aa63a8) Importer(815301076,1909f56bfc062723c751e8b465ee728b)  -> (artifact id: '6290fd06ee7c9b2557bd1af631ecbfdf') in 0.022280 seconds
  Import took 0.025080 seconds .

========================================================================
Received Import Request.
  Time since last request: 19.585803 seconds.
  path: Assets/Prefabs/lago 2.prefab
  artifactKey: Guid(65711128128329e44afb92b5b6aa63a8) Importer(815301076,1909f56bfc062723c751e8b465ee728b)
Start importing Assets/Prefabs/lago 2.prefab using Guid(65711128128329e44afb92b5b6aa63a8) Importer(815301076,1909f56bfc062723c751e8b465ee728b)  -> (artifact id: 'ae99aa8e6fe0a23a724f7d3ffd085a87') in 0.037155 seconds
  Import took 0.039822 seconds .

========================================================================
Received Import Request.
  Time since last request: 15.385655 seconds.
  path: Assets/Prefabs/lago 2.prefab
  artifactKey: Guid(65711128128329e44afb92b5b6aa63a8) Importer(815301076,1909f56bfc062723c751e8b465ee728b)
Start importing Assets/Prefabs/lago 2.prefab using Guid(65711128128329e44afb92b5b6aa63a8) Importer(815301076,1909f56bfc062723c751e8b465ee728b)  -> (artifact id: 'd7a6b51bec2300745f8b6f35f56ceb9f') in 0.021656 seconds
  Import took 0.024075 seconds .

========================================================================
Received Prepare
Registering precompiled user dll's ...
Registered in 0.000599 seconds.
Begin MonoManager ReloadAssembly
Native extension for WindowsStandalone target not found
Refreshing native plugins compatible for Editor in 0.46 ms, found 0 plugins.
Preloading 0 native plugins for Editor in 0.00 ms.
Invoked RoslynAnalysisRunner static constructor.
RoslynAnalysisRunner will not be running.
RoslynAnalysisRunner has terminated.
Mono: successfully reloaded assembly
- Completed reload, in  0.950 seconds
Platform modules already initialized, skipping
Switching build target platform(5) subTarget(0) extendedPlatform(0) -> platform(13) subTarget(537395200) extendedPlatform(0)
Refreshing native plugins compatible for Editor in 0.25 ms, found 0 plugins.
Preloading 0 native plugins for Editor in 0.00 ms.
Unloading 1132 Unused Serialized files (Serialized files now loaded: 0)
System memory in use before: 67.2 MB.
System memory in use after: 67.3 MB.

Unloading 6 unused Assets to reduce memory usage. Loaded Objects now: 1619.
Total: 2.760200 ms (FindLiveObjects: 0.539100 ms CreateObjectMapping: 0.186200 ms MarkObjects: 1.942200 ms  DeleteObjects: 0.090300 ms)

AssetImportParameters requested are different than current active one (requested -> active):
  custom:graphics/normal-map-encoding: 01000000000000000000000000000000 -> 02000000000000000000000000000000
========================================================================
Received Import Request.
  Time since last request: 79.054347 seconds.
  path: Assets/Prefabs/lago 2.prefab
  artifactKey: Guid(65711128128329e44afb92b5b6aa63a8) Importer(815301076,1909f56bfc062723c751e8b465ee728b)
Start importing Assets/Prefabs/lago 2.prefab using Guid(65711128128329e44afb92b5b6aa63a8) Importer(815301076,1909f56bfc062723c751e8b465ee728b)  -> (artifact id: 'da9db849f521026afd5cb60d452dcaba') in 0.065957 seconds
  Import took 0.069222 seconds .

========================================================================
Received Prepare
Registering precompiled user dll's ...
Registered in 0.000528 seconds.
Begin MonoManager ReloadAssembly
Native extension for WindowsStandalone target not found
Refreshing native plugins compatible for Editor in 0.26 ms, found 0 plugins.
Preloading 0 native plugins for Editor in 0.00 ms.
Invoked RoslynAnalysisRunner static constructor.
RoslynAnalysisRunner will not be running.
RoslynAnalysisRunner has terminated.
Mono: successfully reloaded assembly
- Completed reload, in  1.212 seconds
Platform modules already initialized, skipping
Switching build target platform(5) subTarget(0) extendedPlatform(0) -> platform(13) subTarget(537395200) extendedPlatform(0)
Refreshing native plugins compatible for Editor in 0.37 ms, found 0 plugins.
Preloading 0 native plugins for Editor in 0.00 ms.
Unloading 1132 Unused Serialized files (Serialized files now loaded: 0)
System memory in use before: 67.2 MB.
System memory in use after: 67.3 MB.

Unloading 5 unused Assets to reduce memory usage. Loaded Objects now: 1623.
Total: 2.127700 ms (FindLiveObjects: 0.170700 ms CreateObjectMapping: 0.043600 ms MarkObjects: 1.808100 ms  DeleteObjects: 0.103300 ms)

AssetImportParameters requested are different than current active one (requested -> active):
  custom:graphics/normal-map-encoding: 01000000000000000000000000000000 -> 02000000000000000000000000000000
AssetImportWorkerClient::OnTransportError - code=2 error=End of file
